                             brand                                                    perfume                                                                                                                                 notes  gender Age Group      Season Occasion
31829           Arabesque Perfumes                                                      Layla                                   citruses, tuberose, narcissus, tobacco, amber, white musk, jasmine, osmanthus, apricot, rose de mai  female  Under 20      Spring   Casual
24015                       Mirato                                 Malizia Bon Bons Butterfly                                                                                                        flowers, fruity notes, coconut  female  Under 20      Spring   Casual
16793                    Lostmarch                                                   Lann Ael                                                                                                      vanilla, hay, apple, wheat, milk  female  Under 20  Year-round   Casual
9882             Victoria s Secret                                                 Punchsicle                                                                                                            floral notes, fruity notes  female  Under 20      Spring   Casual
12488       Comptoir Sud Pacifique                                               Coco Extreme                                                   tonka bean, almond, coconut, milk, vanille, sugar, coconut, coconut, vanilla flower  female  Under 20  Year-round  General
34525  Art of Scent Swiss Perfumes                                       Bergduft Alpine Rose                                  vanilla, rose, carnation, sandalwood, musk, tonka bean, green notes, bergamot, geranium, spicy notes  female     20-30  Year-round  General
33129                    Alan Bray                                             Summer Flowers                                                                                          heliotrope, freesia, jasmine, bulgarian rose  female     20-30      Spring   Formal
7599              Parfums de Coeur                      Body Fantasies Coconut Breeze Fantasy                                                                                                           coconut, nectarine, vanilla  female  Under 20  Year-round  General
9381                Tipton Charles                                                      Ocean                                                                                            sea water, green notes, floral notes, sand  female     20-30      Spring   Formal
12142               Christian Dior  Les Creations de Monsieur Dior Diorissimo Eau de Toilette                                                                                              lily-of-the-valley, jasmine, ylang-ylang  female     20-30      Spring   Formal
409                   Aloha Beauty                                          Tropical Gardenia                                                                                                                              gardenia  female     20-30      Spring   Formal
21241             Aquaflor Firenze                                                     Jasmin                                                                                                                      egyptian jasmine  female     20-30      Spring   Formal
4110                  DSH Perfumes                                          Vanilla Chantilly                                                                                                  spices, whipped cream, vanilla, musk  female  Under 20  Year-round   Office
15455           Jean Paul Gaultier                                        Le Male Scuba Diver                                                                   spices, lavender, tonka bean, vanilla, woodsy notes, mint, bergamot  female     20-30  Year-round  General
3481             Demeter Fragrance                                                    Brownie                                                                             mexican chocolate, sugar, cacao, vanilla, wheat, hazelnut  female  Under 20  Year-round  General
471                 American Eagle                                                       Emma                                                                                                            plum, apple, violet, amber  female  Under 20      Spring   Casual
34254                Parfums Genty                                      Jardin de Genty Blanc                                           white flowers, rose, peach, cedar, amber, musk, mandarin orange, black currant, green notes  female  Under 20  Year-round   Casual
2133                     Bond No 9                                    I Love New York for All              cacao, marron glace, coffee, sandalwood, patchouli, woodsy notes, vanille, leather, bergamot, lily-of-the-valley, pepper  female  Under 20  Year-round  General
28833            Frau Tonis Parfum                                              No 45 Larissa                                                                                                            geranium, violet, coumarin  female     20-30      Spring   Formal
24060                      Missoni                            Missoni Colori Missoni Gianduia                                                                                                                 dark chocolate, amber  female  Under 20  Year-round  General
26110                    Atkinsons                             Spirit of Africa Eshe Vitality                                                                                               spicy notes, floral notes, herbal notes  female     20-30      Spring   Formal
12055               Christian Dior                                     Dior Addict Eau Delice   ylang-ylang, egyptian jasmine, indian jasmine, rose, bitter almond, white musk, cedar, vanilla, cranberry, bergamot, orange, cherry  female  Under 20  Year-round   Casual
37709                     Fleurage                                              Exotic Floral                                                                                                                   exotic floral notes  female     20-30      Spring   Formal
17729                     Molinard                                           Feuilles de Rose                                       bulgarian rose, jasmine, black pepper, ylang-ylang, musk, vanilla, apricot, green leaves, peach  female  Under 20  Year-round   Casual
23674            Lorenzo Villoresi                                                Ylang Ylang  ylang-ylang, rose, jasmine sambac, tiare flower, vanilla, tonka bean, ylang-ylang, orange blossom, jasmine, bourbon geranium, neroli  female  Under 20  Year-round  General